<?xml version="1.0" encoding="UTF-8"?>
<testsuite xmlns:xsi="http://www.w3.org/2001/XMLSchema-instance" xsi:noNamespaceSchemaLocation="https://maven.apache.org/surefire/maven-surefire-plugin/xsd/surefire-test-report-3.0.xsd" version="3.0" name="TestSuite" time="34.007" tests="1" errors="0" skipped="0" failures="0">
  <properties>
[...]
</properties>
  <testcase name="checkBrokenLinks" classname="automationPractice.FindBrokenLink" time="33.068">
    <system-out><![CDATA[#main-content - Exception: no protocol: #main-content
https://scanner.browserstack.com/?source=neutral - OK
/ - Exception: no protocol: /
/live - Exception: no protocol: /live
/bug-capture - Exception: no protocol: /bug-capture
/accessibility-testing - Exception: no protocol: /accessibility-testing
https://requestly.com - OK
/website-scanner - Exception: no protocol: /website-scanner
/automate - Exception: no protocol: /automate
/automate-turboscale - Exception: no protocol: /automate-turboscale
/accessibility-testing/features/automated-tests - Exception: no protocol: /accessibility-testing/features/automated-tests
/percy - Exception: no protocol: /percy
/low-code-automation - Exception: no protocol: /low-code-automation
/test-management - Exception: no protocol: /test-management
/test-reporting-and-analytics - Exception: no protocol: /test-reporting-and-analytics
/enterprise?ref=header-web-testing - Exception: no protocol: /enterprise?ref=header-web-testing
/codequality?ref=header-web-testing - Exception: no protocol: /codequality?ref=header-web-testing
/live - Exception: no protocol: /live
/percy - Exception: no protocol: /percy
/test-reporting-and-analytics - Exception: no protocol: /test-reporting-and-analytics
/low-code-automation - Exception: no protocol: /low-code-automation
/accessibility-testing/features/automated-tests - Exception: no protocol: /accessibility-testing/features/automated-tests
/automate - Exception: no protocol: /automate
/accessibility-testing - Exception: no protocol: /accessibility-testing
/test-management - Exception: no protocol: /test-management
/automate-turboscale - Exception: no protocol: /automate-turboscale
/app-live - Exception: no protocol: /app-live
/app-accessibility-testing - Exception: no protocol: /app-accessibility-testing
/app-automate - Exception: no protocol: /app-automate
/app-percy - Exception: no protocol: /app-percy
/test-management - Exception: no protocol: /test-management
/test-reporting-and-analytics - Exception: no protocol: /test-reporting-and-analytics
/enterprise?ref=header-web-testing - Exception: no protocol: /enterprise?ref=header-web-testing
/codequality?ref=header-web-testing - Exception: no protocol: /codequality?ref=header-web-testing
/app-live - Exception: no protocol: /app-live
/app-percy - Exception: no protocol: /app-percy
/test-management - Exception: no protocol: /test-management
/app-automate - Exception: no protocol: /app-automate
/test-reporting-and-analytics - Exception: no protocol: /test-reporting-and-analytics
/app-accessibility-testing - Exception: no protocol: /app-accessibility-testing
/enterprise?ref=header-web-testing - Exception: no protocol: /enterprise?ref=header-web-testing
/codequality?ref=header-web-testing - Exception: no protocol: /codequality?ref=header-web-testing
/enterprise?ref=header-app-testing - Exception: no protocol: /enterprise?ref=header-app-testing
/codequality?ref=header-app-testing - Exception: no protocol: /codequality?ref=header-app-testing
/web-testing-solutions - Exception: no protocol: /web-testing-solutions
/app-testing-solutions - Exception: no protocol: /app-testing-solutions
/scale-automation-solutions - Exception: no protocol: /scale-automation-solutions
/real-device-cloud - Exception: no protocol: /real-device-cloud
/docs - Exception: no protocol: /docs
/support - Exception: no protocol: /support
https://status.browserstack.com - OK
/release-notes - Exception: no protocol: /release-notes
/open-source - Exception: no protocol: /open-source
/events - Exception: no protocol: /events
/meetups - Exception: no protocol: /meetups
/browserstack-champions - Exception: no protocol: /browserstack-champions
/community - Exception: no protocol: /community
/discord - Exception: no protocol: /discord
/live-for-teams - Exception: no protocol: /live-for-teams
/test-platform - Exception: no protocol: /test-platform
/browserstack-ai - Exception: no protocol: /browserstack-ai
/pricing - Exception: no protocol: /pricing
/users/sign_in - Exception: no protocol: /users/sign_in
/users/sign_up - Exception: no protocol: /users/sign_up
/guide - Exception: no protocol: /guide
# - Exception: no protocol: #
/guide - Exception: no protocol: /guide
/guide/category/testing-on-cloud - Exception: no protocol: /guide/category/testing-on-cloud
/guide/category/debugging - Exception: no protocol: /guide/category/debugging
/guide/category/best-practices - Exception: no protocol: /guide/category/best-practices
/guide/category/tools-frameworks - Exception: no protocol: /guide/category/tools-frameworks
/guide/category/tutorials - Exception: no protocol: /guide/category/tutorials
https://www.browserstack.com/contact?ref=guide-post-how-to-find-broken-links-in-selenium-get-a-demo#sales - OK
/users/sign_up?ref=guide-post-how-to-find-broken-links-in-selenium-free-trial - Exception: no protocol: /users/sign_up?ref=guide-post-how-to-find-broken-links-in-selenium-free-trial
/users/sign_up?ref=guide-hero-unit-exp1 - Exception: no protocol: /users/sign_up?ref=guide-hero-unit-exp1
/ - Exception: no protocol: /
/guide - Exception: no protocol: /guide
#toc0 - Exception: no protocol: #toc0
#toc1 - Exception: no protocol: #toc1
#toc2 - Exception: no protocol: #toc2
#toc3 - Exception: no protocol: #toc3
https://www.browserstack.com/guide/selenium-webdriver-tutorial - OK
https://www.browserstack.com/guide/what-is-browser-automation - OK
# - Exception: no protocol: #
https://www.browserstack.com/guide/manual-testing-tutorial - OK
/automate - Exception: no protocol: /automate
https://www.browserstack.com/guide/take-screenshots-in-selenium - OK
https://www.browserstack.com/guide/double-click-in-selenium - OK
# - Exception: no protocol: #
/users/sign_up?ref=guide-find-broken-links-in-selenium-mid&product=automate - Exception: no protocol: /users/sign_up?ref=guide-find-broken-links-in-selenium-mid&product=automate
/selenium - Exception: no protocol: /selenium
https://www.browserstack.com/guide/handling-tabs-in-selenium - OK
https://www.browserstack.com/selenium - OK
https://www.browserstack.com/ - OK
https://www.browserstack.com/users/sign_up - Forbidden - Broken link
https://www.browserstack.com/guide/tag/automation-testing - OK
https://www.browserstack.com/guide/tag/selenium - OK
https://www.browserstack.com/guide/tag/selenium-webdriver - OK
#toc0 - Exception: no protocol: #toc0
#toc1 - Exception: no protocol: #toc1
#toc2 - Exception: no protocol: #toc2
#toc3 - Exception: no protocol: #toc3
# - Exception: no protocol: #
https://www.linkedin.com/shareArticle?url=https%3A%2F%2Fwww.browserstack.com%2Fguide%2Fhow-to-find-broken-links-in-selenium - OK
https://twitter.com/share?url=https%3A%2F%2Fwww.browserstack.com%2Fguide%2Fhow-to-find-broken-links-in-selenium&text=How to find broken links in Selenium&via=browserstack - Bad Request - Broken link
https://web.whatsapp.com/send?text=How to find broken links in Selenium https%3A%2F%2Fwww.browserstack.com%2Fguide%2Fhow-to-find-broken-links-in-selenium - Bad Request - Broken link
# - Exception: no protocol: #
https://www.browserstack.com/guide/drag-and-drop-in-selenium - OK
https://www.browserstack.com/guide/alerts-and-popups-in-selenium - OK
https://www.browserstack.com/guide/selenium-webdriver-tricks - OK
/guide - Exception: no protocol: /guide
https://www.browserstack.com/guide/drag-and-drop-in-selenium - OK
https://www.browserstack.com/guide/alerts-and-popups-in-selenium - OK
https://www.browserstack.com/guide/selenium-webdriver-tricks - OK
https://www.browserstack.com/discord?ref=guide - OK
/live - Exception: no protocol: /live
/automate - Exception: no protocol: /automate
/automate-turboscale - Exception: no protocol: /automate-turboscale
/percy - Exception: no protocol: /percy
/app-live - Exception: no protocol: /app-live
/app-automate - Exception: no protocol: /app-automate
/app-percy - Exception: no protocol: /app-percy
/test-management - Exception: no protocol: /test-management
/test-reporting-and-analytics - Exception: no protocol: /test-reporting-and-analytics
/accessibility-testing - Exception: no protocol: /accessibility-testing
/accessibility-testing/features/automated-tests - Exception: no protocol: /accessibility-testing/features/automated-tests
/app-accessibility-testing - Exception: no protocol: /app-accessibility-testing
/low-code-automation - Exception: no protocol: /low-code-automation
/bug-capture - Exception: no protocol: /bug-capture
https://requestly.com - OK
/website-scanner - Exception: no protocol: /website-scanner
/customers - Exception: no protocol: /customers
/case-study - Exception: no protocol: /case-study
/list-of-browsers-and-platforms/live - Exception: no protocol: /list-of-browsers-and-platforms/live
/enterprise?ref=footer - Exception: no protocol: /enterprise?ref=footer
/data-centers - Exception: no protocol: /data-centers
/real-device-features - Exception: no protocol: /real-device-features
/security - Exception: no protocol: /security
/support - Exception: no protocol: /support
https://status.browserstack.com - OK
/release-notes - Exception: no protocol: /release-notes
https://www.browserstack.com/blog - OK
/events - Exception: no protocol: /events
/community - Exception: no protocol: /community
/meetups - Exception: no protocol: /meetups
/browserstack-champions - Exception: no protocol: /browserstack-champions
/guide - Exception: no protocol: /guide
/partners - Exception: no protocol: /partners
/partners/find-a-partner - Exception: no protocol: /partners/find-a-partner
/trust - Exception: no protocol: /trust
/test-university - Exception: no protocol: /test-university
/company - Exception: no protocol: /company
/careers - Exception: no protocol: /careers
/open-source - Exception: no protocol: /open-source
/press - Exception: no protocol: /press
/blog/tag/newsletter - Exception: no protocol: /blog/tag/newsletter
/ - Exception: no protocol: /
https://twitter.com/browserstack - Bad Request - Broken link
https://www.facebook.com/pages/BrowserStack/305988982776051 - OK
https://www.linkedin.com/company/browserstack/ - Request denied - Broken link
https://www.youtube.com/c/browserstack - OK
https://www.instagram.com/browserstack - OK
/discord?ref=footer - Exception: no protocol: /discord?ref=footer
/contact?ref=footer - Exception: no protocol: /contact?ref=footer
/cross-browser-testing - Exception: no protocol: /cross-browser-testing
/selenium - Exception: no protocol: /selenium
/test-management/what-is-test-management - Exception: no protocol: /test-management/what-is-test-management
/emulators-simulators - Exception: no protocol: /emulators-simulators
/mobile-app-testing - Exception: no protocol: /mobile-app-testing
/test-on-iphone - Exception: no protocol: /test-on-iphone
/test-on-ipad - Exception: no protocol: /test-on-ipad
/test-on-galaxy - Exception: no protocol: /test-on-galaxy
/test-in-internet-explorer - Exception: no protocol: /test-in-internet-explorer
/android-testing - Exception: no protocol: /android-testing
/ios-testing - Exception: no protocol: /ios-testing
/test-on-the-right-mobile-devices - Exception: no protocol: /test-on-the-right-mobile-devices
/mobile-browser-emulator - Exception: no protocol: /mobile-browser-emulator
/speedlab - Exception: no protocol: /speedlab
/screenshots - Exception: no protocol: /screenshots
/responsive - Exception: no protocol: /responsive
https://nightwatchjs.org - OK
/terms - Exception: no protocol: /terms
/privacy - Exception: no protocol: /privacy
/cookie-policy - Exception: no protocol: /cookie-policy
/sitemap - Exception: no protocol: /sitemap
/privacy - Exception: no protocol: /privacy
/privacy - Exception: no protocol: /privacy
/events - Exception: no protocol: /events
/case-study - Exception: no protocol: /case-study
/guide/calculate-test-automation-roi - Exception: no protocol: /guide/calculate-test-automation-roi
/events - Exception: no protocol: /events
/case-study - Exception: no protocol: /case-study
/guide/calculate-test-automation-roi - Exception: no protocol: /guide/calculate-test-automation-roi
]]></system-out>
    <system-err><![CDATA[SLF4J: Failed to load class "org.slf4j.impl.StaticLoggerBinder".
SLF4J: Defaulting to no-operation (NOP) logger implementation
SLF4J: See http://www.slf4j.org/codes.html#StaticLoggerBinder for further details.
May 24, 2025 12:35:05 PM org.openqa.selenium.devtools.CdpVersionFinder findNearestMatch
WARNING: Unable to find an exact match for CDP version 136, returning the closest version; found: 133; Please update to a Selenium version that supports CDP version 136
]]></system-err>
  </testcase>
</testsuite>